app/build/intermediates/manifest_merge_blame_file/debug/manifest-merger-blame-debug-report.txt
1<?xml version="1.0" encoding="utf-8"?>
2<manifest xmlns:android="http://schemas.android.com/apk/res/android"
3    package="com.eky.tugasuts"
4    android:versionCode="1"
5    android:versionName="1.0" >
6
7    <uses-sdk
8        android:minSdkVersion="21"
8-->src\main\AndroidManifest.xml
9        android:targetSdkVersion="32" />
9-->src\main\AndroidManifest.xml
10
11    <application
11-->src\main\AndroidManifest.xml:6:5-48:19
12        android:allowBackup="true"
12-->src\main\AndroidManifest.xml:7:9-35
13        android:appComponentFactory="androidx.core.app.CoreComponentFactory"
13-->[androidx.core:core:1.7.0] AndroidManifest.xml:24:18-86
14        android:dataExtractionRules="@xml/data_extraction_rules"
14-->src\main\AndroidManifest.xml:8:9-65
15        android:debuggable="true"
16        android:fullBackupContent="@xml/backup_rules"
16-->src\main\AndroidManifest.xml:9:9-54
17        android:icon="@mipmap/ic_launcher"
17-->src\main\AndroidManifest.xml:10:9-43
18        android:label="@string/app_name"
18-->src\main\AndroidManifest.xml:11:9-41
19        android:roundIcon="@mipmap/ic_launcher_round"
19-->src\main\AndroidManifest.xml:12:9-54
20        android:supportsRtl="true"
20-->src\main\AndroidManifest.xml:13:9-35
21        android:testOnly="true"
22        android:theme="@style/Theme.TugasUTS10120066Eky" >
22-->src\main\AndroidManifest.xml:14:9-57
23        <activity
23-->src\main\AndroidManifest.xml:16:9-20:58
24            android:name="com.eky.tugasuts.ActivityHome"
24-->src\main\AndroidManifest.xml:17:13-41
25            android:exported="false"
25-->src\main\AndroidManifest.xml:18:13-37
26            android:label="Home Screen"
26-->src\main\AndroidManifest.xml:19:13-40
27            android:theme="@style/apptheme.NoActionBar" />
27-->src\main\AndroidManifest.xml:20:13-56
28        <activity
28-->src\main\AndroidManifest.xml:21:9-24:58
29            android:name="com.eky.tugasuts.ui.daily.EditDiaryActivity"
29-->src\main\AndroidManifest.xml:22:13-55
30            android:exported="false"
30-->src\main\AndroidManifest.xml:23:13-37
31            android:theme="@style/apptheme.NoActionBar" />
31-->src\main\AndroidManifest.xml:24:13-56
32        <activity
32-->src\main\AndroidManifest.xml:25:9-29:45
33            android:name="com.eky.tugasuts.ui.profile.FragmentProfile"
33-->src\main\AndroidManifest.xml:26:13-55
34            android:exported="false"
34-->src\main\AndroidManifest.xml:27:13-37
35            android:theme="@style/apptheme.NoActionBar" />
35-->src\main\AndroidManifest.xml:28:13-56
36        <activity
36-->src\main\AndroidManifest.xml:30:9-33:58
37            android:name="com.eky.tugasuts.ui.daily.CreateDiaryActivity"
37-->src\main\AndroidManifest.xml:31:13-57
38            android:exported="false"
38-->src\main\AndroidManifest.xml:32:13-37
39            android:theme="@style/apptheme.NoActionBar" />
39-->src\main\AndroidManifest.xml:33:13-56
40        <activity
40-->src\main\AndroidManifest.xml:34:9-37:58
41            android:name="com.eky.tugasuts.ActivityWelcomeDialog"
41-->src\main\AndroidManifest.xml:35:13-50
42            android:exported="false"
42-->src\main\AndroidManifest.xml:36:13-37
43            android:theme="@style/apptheme.NoActionBar" />
43-->src\main\AndroidManifest.xml:37:13-56
44        <activity
44-->src\main\AndroidManifest.xml:38:9-47:20
45            android:name="com.eky.tugasuts.ActivitySplashScreen"
45-->src\main\AndroidManifest.xml:39:13-49
46            android:exported="true"
46-->src\main\AndroidManifest.xml:40:13-36
47            android:theme="@style/apptheme.NoActionBar" >
47-->src\main\AndroidManifest.xml:41:13-56
48            <intent-filter>
48-->src\main\AndroidManifest.xml:43:13-46:29
49                <action android:name="android.intent.action.MAIN" />
49-->src\main\AndroidManifest.xml:44:17-68
49-->src\main\AndroidManifest.xml:44:25-66
50
51                <category android:name="android.intent.category.LAUNCHER" />
51-->src\main\AndroidManifest.xml:45:17-76
51-->src\main\AndroidManifest.xml:45:27-74
52            </intent-filter>
53        </activity>
54
55        <provider
55-->[androidx.emoji2:emoji2:1.0.0] AndroidManifest.xml:26:9-34:20
56            android:name="androidx.startup.InitializationProvider"
56-->[androidx.emoji2:emoji2:1.0.0] AndroidManifest.xml:27:13-67
57            android:authorities="com.eky.tugasuts.androidx-startup"
57-->[androidx.emoji2:emoji2:1.0.0] AndroidManifest.xml:28:13-68
58            android:exported="false" >
58-->[androidx.emoji2:emoji2:1.0.0] AndroidManifest.xml:29:13-37
59            <meta-data
59-->[androidx.emoji2:emoji2:1.0.0] AndroidManifest.xml:31:13-33:52
60                android:name="androidx.emoji2.text.EmojiCompatInitializer"
60-->[androidx.emoji2:emoji2:1.0.0] AndroidManifest.xml:32:17-75
61                android:value="androidx.startup" />
61-->[androidx.emoji2:emoji2:1.0.0] AndroidManifest.xml:33:17-49
62            <meta-data
62-->[androidx.lifecycle:lifecycle-process:2.4.0] AndroidManifest.xml:31:13-33:52
63                android:name="androidx.lifecycle.ProcessLifecycleInitializer"
63-->[androidx.lifecycle:lifecycle-process:2.4.0] AndroidManifest.xml:32:17-78
64                android:value="androidx.startup" />
64-->[androidx.lifecycle:lifecycle-process:2.4.0] AndroidManifest.xml:33:17-49
65        </provider>
66
67        <uses-library
67-->[androidx.window:window:1.0.0] AndroidManifest.xml:25:9-27:40
68            android:name="androidx.window.extensions"
68-->[androidx.window:window:1.0.0] AndroidManifest.xml:26:13-54
69            android:required="false" />
69-->[androidx.window:window:1.0.0] AndroidManifest.xml:27:13-37
70        <uses-library
70-->[androidx.window:window:1.0.0] AndroidManifest.xml:28:9-30:40
71            android:name="androidx.window.sidecar"
71-->[androidx.window:window:1.0.0] AndroidManifest.xml:29:13-51
72            android:required="false" />
72-->[androidx.window:window:1.0.0] AndroidManifest.xml:30:13-37
73    </application>
74
75</manifest>